[debug] [2025-10-07T04:19:29.856Z] ----------------------------------------------------------------------
[debug] [2025-10-07T04:19:29.865Z] Command:       /opt/homebrew/Cellar/node/24.1.0/bin/node /Users/koeunseo/.npm-global/bin/firebase init
[debug] [2025-10-07T04:19:29.865Z] CLI Version:   14.18.0
[debug] [2025-10-07T04:19:29.865Z] Platform:      darwin
[debug] [2025-10-07T04:19:29.865Z] Node Version:  v24.1.0
[debug] [2025-10-07T04:19:29.865Z] Time:          Tue Oct 07 2025 13:19:29 GMT+0900 (대한민국 표준시)
[debug] [2025-10-07T04:19:29.866Z] ----------------------------------------------------------------------
[debug] 
[debug] [2025-10-07T04:19:29.871Z] > command requires scopes: ["email","openid","https://www.googleapis.com/auth/cloudplatformprojects.readonly","https://www.googleapis.com/auth/firebase","https://www.googleapis.com/auth/cloud-platform"]
[debug] [2025-10-07T04:19:29.871Z] > authorizing via signed-in user (rhdmstj1740@gmail.com)
[info] 
     ######## #### ########  ######## ########     ###     ######  ########
     ##        ##  ##     ## ##       ##     ##  ##   ##  ##       ##
     ######    ##  ########  ######   ########  #########  ######  ######
     ##        ##  ##    ##  ##       ##     ## ##     ##       ## ##
     ##       #### ##     ## ######## ########  ##     ##  ######  ########

You're about to initialize a Firebase project in this directory:

  /Users/koeunseo/Desktop/koeunseo/Dev/lyricLingo-server

[info] 
=== Project Setup
[info] 
[info] First, let's associate this project directory with a Firebase project.
[info] You can create multiple project aliases by running firebase use --add, 
[info] but for now we'll just set up a default project.
[info] 
[debug] [2025-10-07T04:21:54.443Z] Checked if tokens are valid: true, expires at: 1759814270687
[debug] [2025-10-07T04:21:54.447Z] Checked if tokens are valid: true, expires at: 1759814270687
[debug] [2025-10-07T04:21:54.451Z] >>> [apiv2][query] GET https://firebase.googleapis.com/v1beta1/projects pageSize=100
[debug] [2025-10-07T04:21:55.250Z] <<< [apiv2][status] GET https://firebase.googleapis.com/v1beta1/projects 200
[debug] [2025-10-07T04:21:55.250Z] <<< [apiv2][body] GET https://firebase.googleapis.com/v1beta1/projects [omitted]
[debug] [2025-10-07T04:22:20.145Z] ExitPromptError: User force closed the prompt with SIGINT
    at Interface.sigint (/Users/koeunseo/.npm-global/lib/node_modules/firebase-tools/node_modules/@inquirer/core/dist/commonjs/lib/create-prompt.js:101:37)
    at Interface.emit (node:events:507:28)
    at Interface.emit (node:domain:489:12)
    at [_ttyWrite] [as _ttyWrite] (node:internal/readline/interface:1381:18)
    at ReadStream.onkeypress (node:internal/readline/interface:297:20)
    at ReadStream.emit (node:events:519:35)
    at ReadStream.emit (node:domain:489:12)
    at emitKeys (node:internal/readline/utils:371:14)
    at emitKeys.next (<anonymous>)
    at ReadStream.onData (node:internal/readline/emitKeypressEvents:64:36)
[error] 
[error] Error: An unexpected error has occurred.
